{"name": "test_special_character_search", "status": "failed", "statusDetails": {"message": "AssertionError: Test failed: Message: \n  Stacktrace:\n  \tGetHandleVerifier [0x00007FF7EA815355+78597]\n  \tGetHandleVerifier [0x00007FF7EA8153B0+78688]\n  \t(No symbol) [0x00007FF7EA5C91AA]\n  \t(No symbol) [0x00007FF7EA61F149]\n  \t(No symbol) [0x00007FF7EA61F3FC]\n  \t(No symbol) [0x00007FF7EA672467]\n  \t(No symbol) [0x00007FF7EA64712F]\n  \t(No symbol) [0x00007FF7EA66F2BB]\n  \t(No symbol) [0x00007FF7EA646EC3]\n  \t(No symbol) [0x00007FF7EA6103F8]\n  \t(No symbol) [0x00007FF7EA611163]\n  \tGetHandleVerifier [0x00007FF7EAABEF0D+2870973]\n  \tGetHandleVerifier [0x00007FF7EAAB96B8+2848360]\n  \tGetHandleVerifier [0x00007FF7EAAD6993+2967875]\n  \tGetHandleVerifier [0x00007FF7EA83019A+188746]\n  \tGetHandleVerifier [0x00007FF7EA83847F+222255]\n  \tGetHandleVerifier [0x00007FF7EA81D2D4+111236]\n  \tGetHandleVerifier [0x00007FF7EA81D482+111666]\n  \tGetHandleVerifier [0x00007FF7EA8035A9+5465]\n  \tBaseThreadInitThunk [0x00007FFC51EC259D+29]\n  \tRtlUserThreadStart [0x00007FFC53EAAF38+40]\n  \nassert False", "trace": "setup_browser = <selenium.webdriver.chrome.webdriver.WebDriver (session=\"a0788d85306ac5f43a6aeb3e029c32e7\")>\n\n    def test_special_character_search(setup_browser):\n        driver = setup_browser\n        try:\n            search_input = WebDriverWait(driver, 20).until(\n                EC.presence_of_element_located((By.CSS_SELECTOR, 'input[type=\"search\"][name=\"query\"]'))\n            )\n            search_input.send_keys(\"@#$%^&*\")\n            search_button = driver.find_element(By.CSS_SELECTOR, 'input[type=\"submit\"][value=\"Search\"]')\n            search_button.click()\n    \n            # Wait for a response indicating no results found or an appropriate message\n>           WebDriverWait(driver, 20).until(\n                EC.presence_of_element_located((By.TAG_NAME, \"h1\"))  # Example of checking for a result page header\n            )\n\nsearch_functionality_test.py:112: \n_ _ _ _ _ _ _ _ _ _ _ _ _ _ _ _ _ _ _ _ _ _ _ _ _ _ _ _ _ _ _ _ _ _ _ _ _ _ _ _ _ _ _ _ _ _ _ _ _ _ _ _ _ _ _ _ _ _ _ _ _ _ _ _ _ _ _ _ _ _ _ _ _ _ _ _ _ _ _ _ _ _ _ _ _ \n\nself = <selenium.webdriver.support.wait.WebDriverWait (session=\"a0788d85306ac5f43a6aeb3e029c32e7\")>\nmethod = <function presence_of_element_located.<locals>._predicate at 0x0000018AB73FB1A0>, message = ''\n\n    def until(self, method: Callable[[D], Union[Literal[False], T]], message: str = \"\") -> T:\n        \"\"\"Wait until the method returns a value that is not False.\n    \n        Calls the method provided with the driver as an argument until the\n        return value does not evaluate to ``False``.\n    \n        Parameters:\n        -----------\n        method: callable(WebDriver)\n            - A callable object that takes a WebDriver instance as an argument.\n    \n        message: str\n            - Optional message for :exc:`TimeoutException`\n    \n        Return:\n        -------\n        object: T\n            - The result of the last call to `method`\n    \n        Raises:\n        -------\n        TimeoutException\n            - If 'method' does not return a truthy value within the WebDriverWait\n            object's timeout\n    \n        Example:\n        --------\n        >>> from selenium.webdriver.common.by import By\n        >>> from selenium.webdriver.support.ui import WebDriverWait\n        >>> from selenium.webdriver.support import expected_conditions as EC\n    \n        # Wait until an element is visible on the page\n        >>> wait = WebDriverWait(driver, 10)\n        >>> element = wait.until(EC.visibility_of_element_located((By.ID, \"exampleId\")))\n        >>> print(element.text)\n        \"\"\"\n        screen = None\n        stacktrace = None\n    \n        end_time = time.monotonic() + self._timeout\n        while True:\n            try:\n                value = method(self._driver)\n                if value:\n                    return value\n            except self._ignored_exceptions as exc:\n                screen = getattr(exc, \"screen\", None)\n                stacktrace = getattr(exc, \"stacktrace\", None)\n            if time.monotonic() > end_time:\n                break\n            time.sleep(self._poll)\n>       raise TimeoutException(message, screen, stacktrace)\nE       selenium.common.exceptions.TimeoutException: Message: \nE       Stacktrace:\nE       \tGetHandleVerifier [0x00007FF7EA815355+78597]\nE       \tGetHandleVerifier [0x00007FF7EA8153B0+78688]\nE       \t(No symbol) [0x00007FF7EA5C91AA]\nE       \t(No symbol) [0x00007FF7EA61F149]\nE       \t(No symbol) [0x00007FF7EA61F3FC]\nE       \t(No symbol) [0x00007FF7EA672467]\nE       \t(No symbol) [0x00007FF7EA64712F]\nE       \t(No symbol) [0x00007FF7EA66F2BB]\nE       \t(No symbol) [0x00007FF7EA646EC3]\nE       \t(No symbol) [0x00007FF7EA6103F8]\nE       \t(No symbol) [0x00007FF7EA611163]\nE       \tGetHandleVerifier [0x00007FF7EAABEF0D+2870973]\nE       \tGetHandleVerifier [0x00007FF7EAAB96B8+2848360]\nE       \tGetHandleVerifier [0x00007FF7EAAD6993+2967875]\nE       \tGetHandleVerifier [0x00007FF7EA83019A+188746]\nE       \tGetHandleVerifier [0x00007FF7EA83847F+222255]\nE       \tGetHandleVerifier [0x00007FF7EA81D2D4+111236]\nE       \tGetHandleVerifier [0x00007FF7EA81D482+111666]\nE       \tGetHandleVerifier [0x00007FF7EA8035A9+5465]\nE       \tBaseThreadInitThunk [0x00007FFC51EC259D+29]\nE       \tRtlUserThreadStart [0x00007FFC53EAAF38+40]\n\nvir\\Lib\\site-packages\\selenium\\webdriver\\support\\wait.py:146: TimeoutException\n\nDuring handling of the above exception, another exception occurred:\n\nsetup_browser = <selenium.webdriver.chrome.webdriver.WebDriver (session=\"a0788d85306ac5f43a6aeb3e029c32e7\")>\n\n    def test_special_character_search(setup_browser):\n        driver = setup_browser\n        try:\n            search_input = WebDriverWait(driver, 20).until(\n                EC.presence_of_element_located((By.CSS_SELECTOR, 'input[type=\"search\"][name=\"query\"]'))\n            )\n            search_input.send_keys(\"@#$%^&*\")\n            search_button = driver.find_element(By.CSS_SELECTOR, 'input[type=\"submit\"][value=\"Search\"]')\n            search_button.click()\n    \n            # Wait for a response indicating no results found or an appropriate message\n            WebDriverWait(driver, 20).until(\n                EC.presence_of_element_located((By.TAG_NAME, \"h1\"))  # Example of checking for a result page header\n            )\n            assert \"no results\" in driver.page_source.lower() or \"not found\" in driver.page_source.lower(), \\\n                \"Special character search did not return an appropriate message.\"\n        except Exception as e:\n            capture_screenshot(driver, \"special_character_search_failed\")  # Capture screenshot on failure\n>           assert False, f\"Test failed: {str(e)}\"\nE           AssertionError: Test failed: Message: \nE             Stacktrace:\nE             \tGetHandleVerifier [0x00007FF7EA815355+78597]\nE             \tGetHandleVerifier [0x00007FF7EA8153B0+78688]\nE             \t(No symbol) [0x00007FF7EA5C91AA]\nE             \t(No symbol) [0x00007FF7EA61F149]\nE             \t(No symbol) [0x00007FF7EA61F3FC]\nE             \t(No symbol) [0x00007FF7EA672467]\nE             \t(No symbol) [0x00007FF7EA64712F]\nE             \t(No symbol) [0x00007FF7EA66F2BB]\nE             \t(No symbol) [0x00007FF7EA646EC3]\nE             \t(No symbol) [0x00007FF7EA6103F8]\nE             \t(No symbol) [0x00007FF7EA611163]\nE             \tGetHandleVerifier [0x00007FF7EAABEF0D+2870973]\nE             \tGetHandleVerifier [0x00007FF7EAAB96B8+2848360]\nE             \tGetHandleVerifier [0x00007FF7EAAD6993+2967875]\nE             \tGetHandleVerifier [0x00007FF7EA83019A+188746]\nE             \tGetHandleVerifier [0x00007FF7EA83847F+222255]\nE             \tGetHandleVerifier [0x00007FF7EA81D2D4+111236]\nE             \tGetHandleVerifier [0x00007FF7EA81D482+111666]\nE             \tGetHandleVerifier [0x00007FF7EA8035A9+5465]\nE             \tBaseThreadInitThunk [0x00007FFC51EC259D+29]\nE             \tRtlUserThreadStart [0x00007FFC53EAAF38+40]\nE             \nE           assert False\n\nsearch_functionality_test.py:119: AssertionError"}, "attachments": [{"name": "stdout", "source": "f8aebd03-ca96-4a65-ab4f-092c39dbce61-attachment.txt", "type": "text/plain"}], "start": 1745129127520, "stop": 1745129148005, "uuid": "f2df9ed9-5a8d-4daf-b56c-bbcaf07655c5", "historyId": "04012335a6d8875cfd23d0d4a959dead", "testCaseId": "04012335a6d8875cfd23d0d4a959dead", "fullName": "search_functionality_test#test_special_character_search", "labels": [{"name": "suite", "value": "search_functionality_test"}, {"name": "host", "value": "LAPTOP-SCKRTIMM"}, {"name": "thread", "value": "15124-MainThread"}, {"name": "framework", "value": "pytest"}, {"name": "language", "value": "cpython3"}, {"name": "package", "value": "search_functionality_test"}]}